  manager.cpp
  menu.cpp
c:\users\xuan\source\repos\xx公司人事管理系统\xx公司人事管理系统\mylist.h(99): warning C4812: 过时的声明样式: 请改用“mylist<T>::mylist”
c:\users\xuan\source\repos\xx公司人事管理系统\xx公司人事管理系统\mylist.h(99): warning C4812: 过时的声明样式: 请改用“mylist<int>::mylist”
  c:\users\xuan\source\repos\xx公司人事管理系统\xx公司人事管理系统\mylist.h(99): note: 编译 类 模板 成员函数 "mylist<int>::mylist(mylist<int> &)" 时
  c:\users\xuan\source\repos\xx公司人事管理系统\xx公司人事管理系统\menu.cpp(776): note: 参见对正在编译的函数 模板 实例化“mylist<int>::mylist(mylist<int> &)”的引用
  c:\users\xuan\source\repos\xx公司人事管理系统\xx公司人事管理系统\mylist.h(228): note: 编译 类 模板 成员函数 "int mylist<int>::length(void) const" 时
  c:\users\xuan\source\repos\xx公司人事管理系统\xx公司人事管理系统\menu.cpp(180): note: 参见对正在编译的函数 模板 实例化“int mylist<int>::length(void) const”的引用
  c:\users\xuan\source\repos\xx公司人事管理系统\xx公司人事管理系统\salesmanager.h(24): note: 参见对正在编译的 类 模板 实例化 "mylist<int>" 的引用
  salesman.cpp
c:\users\xuan\source\repos\xx公司人事管理系统\xx公司人事管理系统\mylist.h(99): warning C4812: 过时的声明样式: 请改用“mylist<T>::mylist”
c:\users\xuan\source\repos\xx公司人事管理系统\xx公司人事管理系统\salesman.cpp(18): warning C4244: “参数”: 从“double”转换到“int”，可能丢失数据
c:\users\xuan\source\repos\xx公司人事管理系统\xx公司人事管理系统\salesman.cpp(86): warning C4244: “参数”: 从“double”转换到“int”，可能丢失数据
c:\users\xuan\source\repos\xx公司人事管理系统\xx公司人事管理系统\salesman.cpp(123): warning C4244: “参数”: 从“double”转换到“int”，可能丢失数据
  salesmanager.cpp
c:\users\xuan\source\repos\xx公司人事管理系统\xx公司人事管理系统\mylist.h(99): warning C4812: 过时的声明样式: 请改用“mylist<T>::mylist”
c:\users\xuan\source\repos\xx公司人事管理系统\xx公司人事管理系统\salesmanager.cpp(152): warning C4477: “fprintf”: 格式字符串“%d”需要类型“int”的参数，但可变参数 1 拥有了类型“double”
c:\users\xuan\source\repos\xx公司人事管理系统\xx公司人事管理系统\salesmanager.cpp(141): warning C4101: “no”: 未引用的局部变量
  technician.cpp
  xx公司人事管理系统.cpp
c:\users\xuan\source\repos\xx公司人事管理系统\xx公司人事管理系统\mylist.h(99): warning C4812: 过时的声明样式: 请改用“mylist<T>::mylist”
  正在生成代码...
  xx公司人事管理系统.vcxproj -> C:\Users\xuan\source\repos\xx公司人事管理系统\Debug\xx公司人事管理系统.exe
